Icon theme "gnome" not found.
Icon theme "ubuntu-mono-dark" not found.
Icon theme "Mint-X" not found.
Icon theme "elementary" not found.
Icon theme "gnome" not found.
percent 5 -> divisor 20
org.kde.kmix: no mix devices and not dynamic
org.kde.kmix: no mix devices and not dynamic
org.kde.kmix: no mix devices and not dynamic
org.kde.kmix: no mix devices and not dynamic
org.kde.kmix: no mix devices and not dynamic
org.kde.kmix: no mix devices and not dynamic
org.kde.kmix: no mix devices and not dynamic
org.kde.kmix: no mix devices and not dynamic
org.kde.kmix: no mix devices and not dynamic
org.kde.kmix: no mix devices and not dynamic
org.kde.kmix: no mix devices and not dynamic
org.kde.kmix: no mix devices and not dynamic
org.kde.kmix: no mix devices and not dynamic
org.kde.kmix: no mix devices and not dynamic
org.kde.kmix: no mix devices and not dynamic
org.kde.kmix: no mix devices and not dynamic
org.kde.kmix: Cannot load profile "PulseAudio.Playback_Devices.1.default"
org.kde.kmix: Cannot load profile "PulseAudio.Capture_Devices.1.default"
org.kde.kmix: Cannot load profile "PulseAudio.Playback_Streams.1.default"
org.kde.kmix: Cannot load profile "PulseAudio.Capture_Streams.1.default"
org.kde.kmix: Cannot load profile "PulseAudio.Playback_Devices.1.default"
org.kde.kmix: Cannot load profile "PulseAudio.Capture_Devices.1.default"
org.kde.kmix: Cannot load profile "PulseAudio.Playback_Streams.1.default"
org.kde.kmix: Cannot load profile "PulseAudio.Capture_Streams.1.default"
QFlags<QDialogButtonBox::StandardButton>(Ok|Cancel)
set up OK button
object name not set, using class name "DialogSelectMaster"
from "DialogSelectMaster" in "kmixrc"
object name not set, using class name "DialogSelectMaster"
to "DialogSelectMaster" in "kmixrc"
